<?xml version="1.0" encoding="UTF-8"?>
<!-- Generated by org.testng.reporters.JUnitXMLReporter -->
<testsuite ignored="0" hostname="DESKTOP-UPOV6RS" failures="0" tests="5" name="chrome" time="27.055" errors="0" timestamp="2022-11-17T17:15:45 IST">
  <testcase classname="parallelExecution.Interactions" name="draggingPerformance" time="2.534"/>
  <testcase classname="parallelExecution.Interactions" name="droppblePerformance" time="1.765"/>
  <testcase classname="parallelExecution.Interactions" name="ResizablePerformance" time="1.81"/>
  <testcase classname="parallelExecution.Interactions" name="SelectablePerformance" time="3.156"/>
  <testcase classname="parallelExecution.Interactions" name="SoartablePerformance" time="7.852"/>
</testsuite> <!-- chrome -->
