<?xml version="1.0" encoding="UTF-8"?>
<!-- Generated by org.testng.reporters.JUnitXMLReporter -->
<testsuite ignored="0" hostname="DESKTOP-UPOV6RS" failures="0" tests="5" name="edge" time="24.61" errors="0" timestamp="2022-11-17T17:16:37 IST">
  <testcase classname="parallelExecution.Interactions" name="draggingPerformance" time="2.664"/>
  <testcase classname="parallelExecution.Interactions" name="droppblePerformance" time="1.707"/>
  <testcase classname="parallelExecution.Interactions" name="ResizablePerformance" time="1.759"/>
  <testcase classname="parallelExecution.Interactions" name="SelectablePerformance" time="2.94"/>
  <testcase classname="parallelExecution.Interactions" name="SoartablePerformance" time="7.66"/>
</testsuite> <!-- edge -->
