<?xml version="1.0" encoding="UTF-8"?>
<!-- Generated by org.testng.reporters.JUnitXMLReporter -->
<testsuite ignored="0" hostname="DESKTOP-UPOV6RS" failures="0" tests="5" name="firefox" time="27.537" errors="0" timestamp="2022-11-17T17:16:12 IST">
  <testcase classname="parallelExecution.Interactions" name="draggingPerformance" time="2.898"/>
  <testcase classname="parallelExecution.Interactions" name="droppblePerformance" time="1.762"/>
  <testcase classname="parallelExecution.Interactions" name="ResizablePerformance" time="1.859"/>
  <testcase classname="parallelExecution.Interactions" name="SelectablePerformance" time="2.993"/>
  <testcase classname="parallelExecution.Interactions" name="SoartablePerformance" time="7.445"/>
</testsuite> <!-- firefox -->
