<?xml version="1.0" encoding="UTF-8"?>
<testng-results ignored="0" total="15" passed="15" failed="0" skipped="0">
  <reporter-output>
  </reporter-output>
  <suite started-at="2022-11-25T15:34:06 IST" name="TestSuite" finished-at="2022-11-25T15:34:41 IST" duration-ms="35409">
    <groups>
    </groups>
    <test started-at="2022-11-25T15:34:06 IST" name="chrome" finished-at="2022-11-25T15:34:37 IST" duration-ms="30980">
      <class name="parallelExecution.Interactions">
        <test-method is-config="true" signature="launchBrowser(java.lang.String)[pri:0, instance:parallelExecution.Interactions@36ebc363]" started-at="2022-11-25T15:34:06 IST" name="launchBrowser" finished-at="2022-11-25T15:34:15 IST" duration-ms="9128" status="PASS">
          <params>
            <param index="0">
              <value>
                <![CDATA[chrome]]>
              </value>
            </param>
          </params>
          <reporter-output>
          </reporter-output>
        </test-method> <!-- launchBrowser -->
        <test-method signature="draggingPerformance()[pri:1, instance:parallelExecution.Interactions@36ebc363]" started-at="2022-11-25T15:34:15 IST" name="draggingPerformance" finished-at="2022-11-25T15:34:18 IST" duration-ms="3318" status="PASS">
          <reporter-output>
          </reporter-output>
        </test-method> <!-- draggingPerformance -->
        <test-method signature="droppblePerformance()[pri:2, instance:parallelExecution.Interactions@36ebc363]" started-at="2022-11-25T15:34:18 IST" name="droppblePerformance" finished-at="2022-11-25T15:34:20 IST" duration-ms="2113" status="PASS">
          <reporter-output>
          </reporter-output>
        </test-method> <!-- droppblePerformance -->
        <test-method signature="ResizablePerformance()[pri:3, instance:parallelExecution.Interactions@36ebc363]" started-at="2022-11-25T15:34:20 IST" name="ResizablePerformance" finished-at="2022-11-25T15:34:23 IST" duration-ms="2973" status="PASS">
          <reporter-output>
          </reporter-output>
        </test-method> <!-- ResizablePerformance -->
        <test-method signature="SelectablePerformance()[pri:4, instance:parallelExecution.Interactions@36ebc363]" started-at="2022-11-25T15:34:23 IST" name="SelectablePerformance" finished-at="2022-11-25T15:34:27 IST" duration-ms="3517" status="PASS">
          <reporter-output>
          </reporter-output>
        </test-method> <!-- SelectablePerformance -->
        <test-method signature="SoartablePerformance()[pri:5, instance:parallelExecution.Interactions@36ebc363]" started-at="2022-11-25T15:34:27 IST" name="SoartablePerformance" finished-at="2022-11-25T15:34:36 IST" duration-ms="9048" status="PASS">
          <reporter-output>
          </reporter-output>
        </test-method> <!-- SoartablePerformance -->
        <test-method is-config="true" signature="tearDown()[pri:0, instance:parallelExecution.Interactions@36ebc363]" started-at="2022-11-25T15:34:36 IST" name="tearDown" finished-at="2022-11-25T15:34:37 IST" duration-ms="765" status="PASS">
          <reporter-output>
          </reporter-output>
        </test-method> <!-- tearDown -->
      </class> <!-- parallelExecution.Interactions -->
    </test> <!-- chrome -->
    <test started-at="2022-11-25T15:34:06 IST" name="edge" finished-at="2022-11-25T15:34:37 IST" duration-ms="31206">
      <class name="parallelExecution.Interactions">
        <test-method is-config="true" signature="launchBrowser(java.lang.String)[pri:0, instance:parallelExecution.Interactions@24269709]" started-at="2022-11-25T15:34:06 IST" name="launchBrowser" finished-at="2022-11-25T15:34:16 IST" duration-ms="9840" status="PASS">
          <params>
            <param index="0">
              <value>
                <![CDATA[edge]]>
              </value>
            </param>
          </params>
          <reporter-output>
          </reporter-output>
        </test-method> <!-- launchBrowser -->
        <test-method signature="draggingPerformance()[pri:1, instance:parallelExecution.Interactions@24269709]" started-at="2022-11-25T15:34:16 IST" name="draggingPerformance" finished-at="2022-11-25T15:34:19 IST" duration-ms="3613" status="PASS">
          <reporter-output>
          </reporter-output>
        </test-method> <!-- draggingPerformance -->
        <test-method signature="droppblePerformance()[pri:2, instance:parallelExecution.Interactions@24269709]" started-at="2022-11-25T15:34:19 IST" name="droppblePerformance" finished-at="2022-11-25T15:34:22 IST" duration-ms="2533" status="PASS">
          <reporter-output>
          </reporter-output>
        </test-method> <!-- droppblePerformance -->
        <test-method signature="ResizablePerformance()[pri:3, instance:parallelExecution.Interactions@24269709]" started-at="2022-11-25T15:34:22 IST" name="ResizablePerformance" finished-at="2022-11-25T15:34:24 IST" duration-ms="2535" status="PASS">
          <reporter-output>
          </reporter-output>
        </test-method> <!-- ResizablePerformance -->
        <test-method signature="SelectablePerformance()[pri:4, instance:parallelExecution.Interactions@24269709]" started-at="2022-11-25T15:34:24 IST" name="SelectablePerformance" finished-at="2022-11-25T15:34:27 IST" duration-ms="3141" status="PASS">
          <reporter-output>
          </reporter-output>
        </test-method> <!-- SelectablePerformance -->
        <test-method signature="SoartablePerformance()[pri:5, instance:parallelExecution.Interactions@24269709]" started-at="2022-11-25T15:34:27 IST" name="SoartablePerformance" finished-at="2022-11-25T15:34:36 IST" duration-ms="8940" status="PASS">
          <reporter-output>
          </reporter-output>
        </test-method> <!-- SoartablePerformance -->
        <test-method is-config="true" signature="tearDown()[pri:0, instance:parallelExecution.Interactions@24269709]" started-at="2022-11-25T15:34:36 IST" name="tearDown" finished-at="2022-11-25T15:34:37 IST" duration-ms="561" status="PASS">
          <reporter-output>
          </reporter-output>
        </test-method> <!-- tearDown -->
      </class> <!-- parallelExecution.Interactions -->
    </test> <!-- edge -->
    <test started-at="2022-11-25T15:34:06 IST" name="firefox" finished-at="2022-11-25T15:34:41 IST" duration-ms="35407">
      <class name="parallelExecution.Interactions">
        <test-method is-config="true" signature="launchBrowser(java.lang.String)[pri:0, instance:parallelExecution.Interactions@55fe41ea]" started-at="2022-11-25T15:34:06 IST" name="launchBrowser" finished-at="2022-11-25T15:34:21 IST" duration-ms="15402" status="PASS">
          <params>
            <param index="0">
              <value>
                <![CDATA[firefox]]>
              </value>
            </param>
          </params>
          <reporter-output>
          </reporter-output>
        </test-method> <!-- launchBrowser -->
        <test-method signature="draggingPerformance()[pri:1, instance:parallelExecution.Interactions@55fe41ea]" started-at="2022-11-25T15:34:21 IST" name="draggingPerformance" finished-at="2022-11-25T15:34:25 IST" duration-ms="3394" status="PASS">
          <reporter-output>
          </reporter-output>
        </test-method> <!-- draggingPerformance -->
        <test-method signature="droppblePerformance()[pri:2, instance:parallelExecution.Interactions@55fe41ea]" started-at="2022-11-25T15:34:25 IST" name="droppblePerformance" finished-at="2022-11-25T15:34:27 IST" duration-ms="2014" status="PASS">
          <reporter-output>
          </reporter-output>
        </test-method> <!-- droppblePerformance -->
        <test-method signature="ResizablePerformance()[pri:3, instance:parallelExecution.Interactions@55fe41ea]" started-at="2022-11-25T15:34:27 IST" name="ResizablePerformance" finished-at="2022-11-25T15:34:29 IST" duration-ms="2420" status="PASS">
          <reporter-output>
          </reporter-output>
        </test-method> <!-- ResizablePerformance -->
        <test-method signature="SelectablePerformance()[pri:4, instance:parallelExecution.Interactions@55fe41ea]" started-at="2022-11-25T15:34:29 IST" name="SelectablePerformance" finished-at="2022-11-25T15:34:32 IST" duration-ms="2811" status="PASS">
          <reporter-output>
          </reporter-output>
        </test-method> <!-- SelectablePerformance -->
        <test-method signature="SoartablePerformance()[pri:5, instance:parallelExecution.Interactions@55fe41ea]" started-at="2022-11-25T15:34:32 IST" name="SoartablePerformance" finished-at="2022-11-25T15:34:40 IST" duration-ms="8195" status="PASS">
          <reporter-output>
          </reporter-output>
        </test-method> <!-- SoartablePerformance -->
        <test-method is-config="true" signature="tearDown()[pri:0, instance:parallelExecution.Interactions@55fe41ea]" started-at="2022-11-25T15:34:40 IST" name="tearDown" finished-at="2022-11-25T15:34:41 IST" duration-ms="1133" status="PASS">
          <reporter-output>
          </reporter-output>
        </test-method> <!-- tearDown -->
      </class> <!-- parallelExecution.Interactions -->
    </test> <!-- firefox -->
  </suite> <!-- TestSuite -->
</testng-results>
