<?xml version="1.0" encoding="UTF-8"?>
<!-- Generated by org.testng.reporters.JUnitXMLReporter -->
<testsuite ignored="0" hostname="DESKTOP-UPOV6RS" failures="0" tests="5" name="chrome" time="30.98" errors="0" timestamp="2022-11-25T15:34:37 IST">
  <testcase classname="parallelExecution.Interactions" name="draggingPerformance" time="3.318"/>
  <testcase classname="parallelExecution.Interactions" name="droppblePerformance" time="2.113"/>
  <testcase classname="parallelExecution.Interactions" name="ResizablePerformance" time="2.973"/>
  <testcase classname="parallelExecution.Interactions" name="SelectablePerformance" time="3.517"/>
  <testcase classname="parallelExecution.Interactions" name="SoartablePerformance" time="9.048"/>
</testsuite> <!-- chrome -->
