<?xml version="1.0" encoding="UTF-8"?>
<!-- Generated by org.testng.reporters.JUnitXMLReporter -->
<testsuite ignored="0" hostname="DESKTOP-UPOV6RS" failures="0" tests="5" name="edge" time="31.206" errors="0" timestamp="2022-11-25T15:34:37 IST">
  <testcase classname="parallelExecution.Interactions" name="draggingPerformance" time="3.613"/>
  <testcase classname="parallelExecution.Interactions" name="droppblePerformance" time="2.533"/>
  <testcase classname="parallelExecution.Interactions" name="ResizablePerformance" time="2.535"/>
  <testcase classname="parallelExecution.Interactions" name="SelectablePerformance" time="3.141"/>
  <testcase classname="parallelExecution.Interactions" name="SoartablePerformance" time="8.94"/>
</testsuite> <!-- edge -->
