<?xml version="1.0" encoding="UTF-8"?>
<!-- Generated by org.testng.reporters.JUnitXMLReporter -->
<testsuite ignored="0" hostname="DESKTOP-UPOV6RS" failures="0" tests="5" name="firefox" time="35.407" errors="0" timestamp="2022-11-25T15:34:41 IST">
  <testcase classname="parallelExecution.Interactions" name="draggingPerformance" time="3.394"/>
  <testcase classname="parallelExecution.Interactions" name="droppblePerformance" time="2.014"/>
  <testcase classname="parallelExecution.Interactions" name="ResizablePerformance" time="2.42"/>
  <testcase classname="parallelExecution.Interactions" name="SelectablePerformance" time="2.811"/>
  <testcase classname="parallelExecution.Interactions" name="SoartablePerformance" time="8.195"/>
</testsuite> <!-- firefox -->
